<?xml version="1.0" encoding="UTF-8"?>
<!-- Generated by org.testng.reporters.JUnitReportReporter -->
<testsuite hostname="LAPTOP-VCFVK0KI" failures="0" tests="1" name="testCases.Login" time="132.971" errors="0" timestamp="2024-10-26T12:57:23 IST" skipped="0">
  <testcase classname="testCases.Login" name="verify_login" time="132.971"/>
</testsuite> <!-- testCases.Login -->
