<?xml version="1.0" encoding="UTF-8"?>
<!-- Generated by org.testng.reporters.JUnitReportReporter -->
<testsuite hostname="LAPTOP-VCFVK0KI" failures="0" tests="1" name="testCases.AccountRegistration" time="2.002" errors="0" timestamp="2024-10-16T11:33:00 IST" skipped="0">
  <testcase classname="testCases.AccountRegistration" name="Verify_AccountRegistration" time="2.002"/>
</testsuite> <!-- testCases.AccountRegistration -->
